GAS LISTING /tmp/ccvrhM7g.s 			page 1


   1              		.file	"main.cpp"
   2              		.option pic
   3              		.option norelax
   4              		.text
   5              	.Ltext0:
   6              		.align	2
   7              		.globl	_Z15wrapperUserMainPv
   9              	_Z15wrapperUserMainPv:
  10              	.LFB49:
  11              		.file 1 "src/main.cpp"
   1:src/main.cpp  **** #include "../h/tcb.h"
   2:src/main.cpp  **** #include "../test/printing.hpp"
   3:src/main.cpp  **** #include "../h/riscv.h"
   4:src/main.cpp  **** #include "../h/syscall_c.h"
   5:src/main.cpp  **** 
   6:src/main.cpp  **** extern "C" void trap();
   7:src/main.cpp  **** void userMain();
   8:src/main.cpp  **** 
   9:src/main.cpp  **** void wrapperUserMain(void *){
  12              		.loc 1 9 29
  13              		.cfi_startproc
  14 0000 130101FF 		addi	sp,sp,-16
  15              		.cfi_def_cfa_offset 16
  16 0004 23341100 		sd	ra,8(sp)
  17 0008 23308100 		sd	s0,0(sp)
  18              		.cfi_offset 1, -8
  19              		.cfi_offset 8, -16
  20 000c 13040101 		addi	s0,sp,16
  21              		.cfi_def_cfa 8, 0
  10:src/main.cpp  ****     userMain();
  22              		.loc 1 10 5
  23              		.loc 1 10 13 is_stmt 0
  24 0010 97000000 		call	_Z8userMainv@plt
  24      E7800000 
  25              	.LVL0:
  11:src/main.cpp  ****     //sem_signal(Riscv::mainSemaphore);
  12:src/main.cpp  **** }
  26              		.loc 1 12 1
  27 0018 83308100 		ld	ra,8(sp)
  28              		.cfi_restore 1
  29 001c 03340100 		ld	s0,0(sp)
  30              		.cfi_restore 8
  31              		.cfi_def_cfa 2, 16
  32 0020 13010101 		addi	sp,sp,16
  33              		.cfi_def_cfa_offset 0
  34 0024 67800000 		jr	ra
  35              		.cfi_endproc
  36              	.LFE49:
  38              		.align	2
  39              		.globl	main
  41              	main:
  42              	.LFB50:
  13:src/main.cpp  **** 
  14:src/main.cpp  **** int main(){
  43              		.loc 1 14 11 is_stmt 1
  44              		.cfi_startproc
  45              		.cfi_personality 0x9b,DW.ref.__gxx_personality_v0
GAS LISTING /tmp/ccvrhM7g.s 			page 2


  46              		.cfi_lsda 0x1b,.LLSDA50
  47 0028 130101FE 		addi	sp,sp,-32
  48              		.cfi_def_cfa_offset 32
  49 002c 233C1100 		sd	ra,24(sp)
  50 0030 23388100 		sd	s0,16(sp)
  51 0034 23349100 		sd	s1,8(sp)
  52              		.cfi_offset 1, -8
  53              		.cfi_offset 8, -16
  54              		.cfi_offset 9, -24
  55 0038 13040102 		addi	s0,sp,32
  56              		.cfi_def_cfa 8, 0
  15:src/main.cpp  **** 
  16:src/main.cpp  ****     Riscv::w_stvec((uint64) &Riscv::supervisorTrap | 1); //proveriti zasto jedan ovde
  57              		.loc 1 16 5
  58              		.loc 1 16 19 is_stmt 0
  59 003c 97070000 		la	a5,_ZN5Riscv14supervisorTrapEv
  59      83B70700 
  60 0044 93E71700 		ori	a5,a5,1
  61              	.LVL1:
  62              	.LBB9:
  63              	.LBB10:
  64              		.file 2 "src/../h/riscv.h"
   1:src/../h/riscv.h **** #ifndef RISCV
   2:src/../h/riscv.h **** #define RISCV
   3:src/../h/riscv.h **** 
   4:src/../h/riscv.h **** #include "../lib/hw.h"
   5:src/../h/riscv.h **** #include "../test/printing.hpp"
   6:src/../h/riscv.h **** 
   7:src/../h/riscv.h **** class Riscv
   8:src/../h/riscv.h **** {
   9:src/../h/riscv.h **** public:
  10:src/../h/riscv.h ****     static thread_t mainThread;
  11:src/../h/riscv.h **** 
  12:src/../h/riscv.h ****     static void popSppSpie();
  13:src/../h/riscv.h **** 
  14:src/../h/riscv.h ****     static uint64 r_scause();
  15:src/../h/riscv.h **** 
  16:src/../h/riscv.h ****     static void w_scause(uint64 scause);
  17:src/../h/riscv.h **** 
  18:src/../h/riscv.h ****     static uint64 r_sepc();
  19:src/../h/riscv.h **** 
  20:src/../h/riscv.h ****     static void w_sepc(uint64 sepc);
  21:src/../h/riscv.h **** 
  22:src/../h/riscv.h ****     static uint64 r_stvec();
  23:src/../h/riscv.h **** 
  24:src/../h/riscv.h ****     static void w_stvec(uint64 stvec);
  25:src/../h/riscv.h **** 
  26:src/../h/riscv.h ****     static uint64 r_stval();
  27:src/../h/riscv.h **** 
  28:src/../h/riscv.h ****     static void w_stval(uint64 stval);
  29:src/../h/riscv.h **** 
  30:src/../h/riscv.h ****     enum BitMaskSip
  31:src/../h/riscv.h ****     {
  32:src/../h/riscv.h ****         SIP_SSIP = (1 << 1),
  33:src/../h/riscv.h ****         SIP_STIP = (1 << 5),
  34:src/../h/riscv.h ****         SIP_SEIP = (1 << 9),
  35:src/../h/riscv.h ****     };
GAS LISTING /tmp/ccvrhM7g.s 			page 3


  36:src/../h/riscv.h **** 
  37:src/../h/riscv.h ****     static void ms_sip(uint64 mask);
  38:src/../h/riscv.h **** 
  39:src/../h/riscv.h ****     static void mc_sip(uint64 mask);
  40:src/../h/riscv.h **** 
  41:src/../h/riscv.h ****     static uint64 r_sip();
  42:src/../h/riscv.h **** 
  43:src/../h/riscv.h ****     static void w_sip(uint64 sip);
  44:src/../h/riscv.h **** 
  45:src/../h/riscv.h ****     enum BitMaskSstatus
  46:src/../h/riscv.h ****     {
  47:src/../h/riscv.h ****         SSTATUS_SIE = (1 << 1),
  48:src/../h/riscv.h ****         SSTATUS_SPIE = (1 << 5),
  49:src/../h/riscv.h ****         SSTATUS_SPP = (1 << 8),
  50:src/../h/riscv.h ****     };
  51:src/../h/riscv.h **** 
  52:src/../h/riscv.h ****     static void ms_sstatus(uint64 mask);
  53:src/../h/riscv.h **** 
  54:src/../h/riscv.h ****     static void mc_sstatus(uint64 mask);
  55:src/../h/riscv.h **** 
  56:src/../h/riscv.h ****     static uint64 r_sstatus();
  57:src/../h/riscv.h **** 
  58:src/../h/riscv.h ****     static void w_sstatus(uint64 sstatus);
  59:src/../h/riscv.h **** 
  60:src/../h/riscv.h ****     static void supervisorTrap();
  61:src/../h/riscv.h **** 
  62:src/../h/riscv.h **** private:
  63:src/../h/riscv.h **** 
  64:src/../h/riscv.h ****     static void handleSupervisorTrap();
  65:src/../h/riscv.h ****     static void handleTimerTrap();
  66:src/../h/riscv.h ****     static void handleConsoleTrap();
  67:src/../h/riscv.h **** 
  68:src/../h/riscv.h **** };
  69:src/../h/riscv.h **** 
  70:src/../h/riscv.h **** inline uint64 Riscv::r_scause()
  71:src/../h/riscv.h **** {
  72:src/../h/riscv.h ****     uint64 volatile scause;
  73:src/../h/riscv.h ****     __asm__ volatile ("csrr %[scause], scause" : [scause] "=r"(scause));
  74:src/../h/riscv.h ****     return scause;
  75:src/../h/riscv.h **** }
  76:src/../h/riscv.h **** 
  77:src/../h/riscv.h **** inline void Riscv::w_scause(uint64 scause)
  78:src/../h/riscv.h **** {
  79:src/../h/riscv.h ****     __asm__ volatile ("csrw scause, %[scause]" : : [scause] "r"(scause));
  80:src/../h/riscv.h **** }
  81:src/../h/riscv.h **** 
  82:src/../h/riscv.h **** inline uint64 Riscv::r_sepc()
  83:src/../h/riscv.h **** {
  84:src/../h/riscv.h ****     uint64 volatile sepc;
  85:src/../h/riscv.h ****     __asm__ volatile ("csrr %[sepc], sepc" : [sepc] "=r"(sepc));
  86:src/../h/riscv.h ****     return sepc;
  87:src/../h/riscv.h **** }
  88:src/../h/riscv.h **** 
  89:src/../h/riscv.h **** inline void Riscv::w_sepc(uint64 sepc)
  90:src/../h/riscv.h **** {
  91:src/../h/riscv.h ****     __asm__ volatile ("csrw sepc, %[sepc]" : : [sepc] "r"(sepc));
  92:src/../h/riscv.h **** }
GAS LISTING /tmp/ccvrhM7g.s 			page 4


  93:src/../h/riscv.h **** 
  94:src/../h/riscv.h **** inline uint64 Riscv::r_stvec()
  95:src/../h/riscv.h **** {
  96:src/../h/riscv.h ****     uint64 volatile stvec;
  97:src/../h/riscv.h ****     __asm__ volatile ("csrr %[stvec], stvec" : [stvec] "=r"(stvec));
  98:src/../h/riscv.h ****     return stvec;
  99:src/../h/riscv.h **** }
 100:src/../h/riscv.h **** 
 101:src/../h/riscv.h **** inline void Riscv::w_stvec(uint64 stvec)
 102:src/../h/riscv.h **** {
 103:src/../h/riscv.h ****     __asm__ volatile ("csrw stvec, %[stvec]" : : [stvec] "r"(stvec));
  65              		.loc 2 103 5 is_stmt 1
  66              		.loc 2 103 69 is_stmt 0
  67              	#APP
  68              	# 103 "src/../h/riscv.h" 1
 104              	}
  69              		csrw stvec, a5
  70              	# 0 "" 2
  71              	.LVL2:
  72              	#NO_APP
  73              	.LBE10:
  74              	.LBE9:
  17:src/main.cpp  ****     MEM::init();
  75              		.loc 1 17 5 is_stmt 1
  76              	.LEHB0:
  77              		.loc 1 17 14 is_stmt 0
  78 004c 97000000 		call	_ZN3MEM4initEv@plt
  78      E7800000 
  79              	.LVL3:
  18:src/main.cpp  ****     TCB::running = TCB::createThread(nullptr,nullptr, nullptr);
  80              		.loc 1 18 5 is_stmt 1
  81              		.loc 1 18 37 is_stmt 0
  82 0054 13060000 		li	a2,0
  83 0058 93050000 		li	a1,0
  84 005c 13050000 		li	a0,0
  85 0060 97000000 		call	_ZN3TCB12createThreadEPFvPvES0_Pm@plt
  85      E7800000 
  86              	.LVL4:
  87              		.loc 1 18 18
  88 0068 97040000 		la	s1,_ZN3TCB7runningE
  88      83B40400 
  89 0070 23B0A400 		sd	a0,0(s1)
  19:src/main.cpp  ****     thread_create(&Riscv::mainThread, wrapperUserMain, nullptr);
  90              		.loc 1 19 5 is_stmt 1
  91              		.loc 1 19 18 is_stmt 0
  92 0074 13060000 		li	a2,0
  93 0078 97050000 		lla	a1,_Z15wrapperUserMainPv
  93      93850500 
  94 0080 17050000 		la	a0,_ZN5Riscv10mainThreadE
  94      03350500 
  95 0088 97000000 		call	_Z13thread_createPP3TCBPFvPvES2_@plt
  95      E7800000 
  96              	.LVL5:
  20:src/main.cpp  ****     thread_join(Riscv::mainThread);
  97              		.loc 1 20 5 is_stmt 1
  98              		.loc 1 20 16 is_stmt 0
  99 0090 97070000 		la	a5,_ZN5Riscv10mainThreadE
GAS LISTING /tmp/ccvrhM7g.s 			page 5


  99      83B70700 
 100 0098 03B50700 		ld	a0,0(a5)
 101 009c 97000000 		call	_Z11thread_joinP3TCB@plt
 101      E7800000 
 102              	.LVL6:
 103              	.LEHE0:
  21:src/main.cpp  ****     delete TCB::running;
 104              		.loc 1 21 5 is_stmt 1
 105              		.loc 1 21 17 is_stmt 0
 106 00a4 83B40400 		ld	s1,0(s1)
 107              		.loc 1 21 24
 108 00a8 63800402 		beqz	s1,.L4
 109              	.LVL7:
 110              	.LBB11:
 111              	.LBB12:
 112              		.file 3 "src/../h/tcb.h"
   1:src/../h/tcb.h **** #ifndef _TCB
   2:src/../h/tcb.h **** #define _TCB
   3:src/../h/tcb.h **** 
   4:src/../h/tcb.h **** #include "../lib/hw.h"
   5:src/../h/tcb.h **** #include "../lib/mem.h"
   6:src/../h/tcb.h **** #include "../h/mem.h"
   7:src/../h/tcb.h **** #include "../h/list.h"
   8:src/../h/tcb.h **** #include "scheduler.h"
   9:src/../h/tcb.h **** #include "../h/syscall_c.h"
  10:src/../h/tcb.h **** 
  11:src/../h/tcb.h **** class TCB{
  12:src/../h/tcb.h **** public:
  13:src/../h/tcb.h **** 
  14:src/../h/tcb.h ****     static TCB *running;
  15:src/../h/tcb.h ****     List<TCB> *suspended;
  16:src/../h/tcb.h ****     static List<TCB> *blocked;
  17:src/../h/tcb.h ****     using Body = void (*)(void*);
  18:src/../h/tcb.h **** 
  19:src/../h/tcb.h ****     struct Context
  20:src/../h/tcb.h ****     {
  21:src/../h/tcb.h ****         uint64 ra;
  22:src/../h/tcb.h ****         uint64 sp;
  23:src/../h/tcb.h ****     };
  24:src/../h/tcb.h **** 
  25:src/../h/tcb.h ****     Context context;
  26:src/../h/tcb.h **** 
  27:src/../h/tcb.h ****     void *operator new(size_t n){
  28:src/../h/tcb.h **** //        return __mem_alloc(n);
  29:src/../h/tcb.h **** //        return mem_alloc(n + sizeof(MEM::FullSpace));
  30:src/../h/tcb.h ****         return MEM::memAlloc(n + sizeof(MEM::FullSpace));
  31:src/../h/tcb.h ****     }
  32:src/../h/tcb.h ****     void *operator new[](size_t n){
  33:src/../h/tcb.h ****         //        return __mem_alloc(n);
  34:src/../h/tcb.h **** //        return mem_alloc(n + sizeof(MEM::FullSpace));
  35:src/../h/tcb.h ****         return MEM::memAlloc(n + sizeof(MEM::FullSpace));
  36:src/../h/tcb.h ****     }
  37:src/../h/tcb.h ****     void operator delete(void *p) noexcept{
  38:src/../h/tcb.h **** //        mem_free(p);
  39:src/../h/tcb.h ****         MEM::memFree(p);
  40:src/../h/tcb.h ****     }
  41:src/../h/tcb.h ****     void operator delete[](void *p) noexcept{
GAS LISTING /tmp/ccvrhM7g.s 			page 6


  42:src/../h/tcb.h **** //        mem_free(p);
  43:src/../h/tcb.h ****         MEM::memFree(p);
  44:src/../h/tcb.h ****     }
  45:src/../h/tcb.h ****     ~TCB() { delete[] stack; }
 113              		.loc 3 45 14 is_stmt 1
 114              		.loc 3 45 23 is_stmt 0
 115 00ac 03B58402 		ld	a0,40(s1)
 116              		.loc 3 45 28
 117 00b0 63060500 		beqz	a0,.L5
 118              		.loc 3 45 23
 119 00b4 97000000 		call	_ZdaPv@plt
 119      E7800000 
 120              	.LVL8:
 121              	.L5:
 122              	.LBE12:
 123              	.LBE11:
 124              	.LBB13:
 125              	.LBB14:
  39:src/../h/tcb.h ****     }
 126              		.loc 3 39 9 is_stmt 1
  39:src/../h/tcb.h ****     }
 127              		.loc 3 39 21 is_stmt 0
 128 00bc 13850400 		mv	a0,s1
 129 00c0 97000000 		call	_ZN3MEM7memFreeEPv@plt
 129      E7800000 
 130              	.LVL9:
 131              	.L4:
 132              	.LBE14:
 133              	.LBE13:
  22:src/main.cpp  **** 
  23:src/main.cpp  ****     return 0;
 134              		.loc 1 23 5 is_stmt 1
  24:src/main.cpp  **** }
 135              		.loc 1 24 1 is_stmt 0
 136 00c8 13050000 		li	a0,0
 137 00cc 83308101 		ld	ra,24(sp)
 138              		.cfi_restore 1
 139 00d0 03340101 		ld	s0,16(sp)
 140              		.cfi_restore 8
 141              		.cfi_def_cfa 2, 32
 142 00d4 83348100 		ld	s1,8(sp)
 143              		.cfi_restore 9
 144 00d8 13010102 		addi	sp,sp,32
 145              		.cfi_def_cfa_offset 0
 146 00dc 67800000 		jr	ra
 147              		.cfi_endproc
 148              	.LFE50:
 149              		.globl	__gxx_personality_v0
 150              		.section	.gcc_except_table,"a",@progbits
 151              	.LLSDA50:
 152 0000 FF       		.byte	0xff
 153 0001 FF       		.byte	0xff
 154 0002 03       		.byte	0x3
 155 0003 0D       		.byte	0xd
 156 0004 00000000 		.4byte	.LEHB0-.LFB50
 157 0008 00000000 		.4byte	.LEHE0-.LEHB0
 158 000c 00000000 		.4byte	0
GAS LISTING /tmp/ccvrhM7g.s 			page 7


 159 0010 00       		.byte	0
 160              		.text
 162              	.Letext0:
 163              		.file 4 "src/../h/../lib/hw.h"
 164              		.file 5 "src/../h/../h/mem.h"
 165              		.file 6 "src/../h/../h/list.h"
 166              		.file 7 "src/../h/../h/syscall_c.h"
 2936              		.align	3
 2939              	DW.ref.__gxx_personality_v0:
 2940 0000 00000000 		.dword	__gxx_personality_v0
 2940      00000000 
 2941              		.ident	"GCC: (Ubuntu 9.4.0-1ubuntu1~20.04) 9.4.0"
 2942              		.section	.note.GNU-stack,"",@progbits
GAS LISTING /tmp/ccvrhM7g.s 			page 8


DEFINED SYMBOLS
                            *ABS*:0000000000000000 main.cpp
     /tmp/ccvrhM7g.s:9      .text:0000000000000000 _Z15wrapperUserMainPv
     /tmp/ccvrhM7g.s:13     .text:0000000000000000 .L0 
     /tmp/ccvrhM7g.s:14     .text:0000000000000000 .L0 
     /tmp/ccvrhM7g.s:15     .text:0000000000000004 .L0 
     /tmp/ccvrhM7g.s:18     .text:000000000000000c .L0 
     /tmp/ccvrhM7g.s:19     .text:000000000000000c .L0 
     /tmp/ccvrhM7g.s:21     .text:0000000000000010 .L0 
     /tmp/ccvrhM7g.s:23     .text:0000000000000010 .L0 
     /tmp/ccvrhM7g.s:24     .text:0000000000000010 .L0 
     /tmp/ccvrhM7g.s:27     .text:0000000000000018 .L0 
     /tmp/ccvrhM7g.s:28     .text:000000000000001c .L0 
     /tmp/ccvrhM7g.s:30     .text:0000000000000020 .L0 
     /tmp/ccvrhM7g.s:31     .text:0000000000000020 .L0 
     /tmp/ccvrhM7g.s:33     .text:0000000000000024 .L0 
     /tmp/ccvrhM7g.s:35     .text:0000000000000028 .L0 
     /tmp/ccvrhM7g.s:41     .text:0000000000000028 main
     /tmp/ccvrhM7g.s:44     .text:0000000000000028 .L0 
     /tmp/ccvrhM7g.s:2939   .data.rel.local.DW.ref.__gxx_personality_v0:0000000000000000 DW.ref.__gxx_personality_v0
     /tmp/ccvrhM7g.s:47     .text:0000000000000028 .L0 
     /tmp/ccvrhM7g.s:48     .text:000000000000002c .L0 
     /tmp/ccvrhM7g.s:52     .text:0000000000000038 .L0 
     /tmp/ccvrhM7g.s:53     .text:0000000000000038 .L0 
     /tmp/ccvrhM7g.s:54     .text:0000000000000038 .L0 
     /tmp/ccvrhM7g.s:56     .text:000000000000003c .L0 
     /tmp/ccvrhM7g.s:58     .text:000000000000003c .L0 
     /tmp/ccvrhM7g.s:59     .text:000000000000003c .L0 
     /tmp/ccvrhM7g.s:66     .text:0000000000000048 .L0 
    src/../h/riscv.h:103    .text:0000000000000048 .L0 
     /tmp/ccvrhM7g.s:77     .text:000000000000004c .L0 
     /tmp/ccvrhM7g.s:78     .text:000000000000004c .L0 
     /tmp/ccvrhM7g.s:81     .text:0000000000000054 .L0 
     /tmp/ccvrhM7g.s:82     .text:0000000000000054 .L0 
     /tmp/ccvrhM7g.s:88     .text:0000000000000068 .L0 
     /tmp/ccvrhM7g.s:91     .text:0000000000000074 .L0 
     /tmp/ccvrhM7g.s:92     .text:0000000000000074 .L0 
     /tmp/ccvrhM7g.s:98     .text:0000000000000090 .L0 
     /tmp/ccvrhM7g.s:99     .text:0000000000000090 .L0 
     /tmp/ccvrhM7g.s:105    .text:00000000000000a4 .L0 
     /tmp/ccvrhM7g.s:106    .text:00000000000000a4 .L0 
     /tmp/ccvrhM7g.s:108    .text:00000000000000a8 .L0 
     /tmp/ccvrhM7g.s:114    .text:00000000000000ac .L0 
     /tmp/ccvrhM7g.s:115    .text:00000000000000ac .L0 
     /tmp/ccvrhM7g.s:117    .text:00000000000000b0 .L0 
     /tmp/ccvrhM7g.s:119    .text:00000000000000b4 .L0 
     /tmp/ccvrhM7g.s:127    .text:00000000000000bc .L0 
     /tmp/ccvrhM7g.s:128    .text:00000000000000bc .L0 
     /tmp/ccvrhM7g.s:135    .text:00000000000000c8 .L0 
     /tmp/ccvrhM7g.s:136    .text:00000000000000c8 .L0 
     /tmp/ccvrhM7g.s:138    .text:00000000000000d0 .L0 
     /tmp/ccvrhM7g.s:140    .text:00000000000000d4 .L0 
     /tmp/ccvrhM7g.s:141    .text:00000000000000d4 .L0 
     /tmp/ccvrhM7g.s:143    .text:00000000000000d8 .L0 
     /tmp/ccvrhM7g.s:145    .text:00000000000000dc .L0 
     /tmp/ccvrhM7g.s:147    .text:00000000000000e0 .L0 
     /tmp/ccvrhM7g.s:167    .text:00000000000000e0 .L0 
GAS LISTING /tmp/ccvrhM7g.s 			page 9


     /tmp/ccvrhM7g.s:59     .text:000000000000003c .L0 
     /tmp/ccvrhM7g.s:88     .text:0000000000000068 .L0 
     /tmp/ccvrhM7g.s:93     .text:0000000000000078 .L0 
     /tmp/ccvrhM7g.s:94     .text:0000000000000080 .L0 
     /tmp/ccvrhM7g.s:99     .text:0000000000000090 .L0 
     /tmp/ccvrhM7g.s:131    .text:00000000000000c8 .L4
     /tmp/ccvrhM7g.s:121    .text:00000000000000bc .L5
     /tmp/ccvrhM7g.s:76     .text:000000000000004c .LEHB0
     /tmp/ccvrhM7g.s:42     .text:0000000000000028 .LFB50
     /tmp/ccvrhM7g.s:103    .text:00000000000000a4 .LEHE0
     /tmp/ccvrhM7g.s:1586   .debug_abbrev:0000000000000000 .Ldebug_abbrev0
     /tmp/ccvrhM7g.s:2861   .debug_str:00000000000008cc .LASF181
     /tmp/ccvrhM7g.s:2637   .debug_str:0000000000000294 .LASF182
     /tmp/ccvrhM7g.s:2911   .debug_str:0000000000000aec .LASF183
     /tmp/ccvrhM7g.s:5      .text:0000000000000000 .Ltext0
     /tmp/ccvrhM7g.s:162    .text:00000000000000e0 .Letext0
     /tmp/ccvrhM7g.s:2551   .debug_line:0000000000000000 .Ldebug_line0
     /tmp/ccvrhM7g.s:2669   .debug_str:000000000000036a .LASF0
     /tmp/ccvrhM7g.s:2703   .debug_str:0000000000000487 .LASF1
     /tmp/ccvrhM7g.s:2803   .debug_str:0000000000000755 .LASF2
     /tmp/ccvrhM7g.s:2813   .debug_str:000000000000079c .LASF4
     /tmp/ccvrhM7g.s:2679   .debug_str:00000000000003a6 .LASF3
     /tmp/ccvrhM7g.s:2567   .debug_str:0000000000000082 .LASF5
     /tmp/ccvrhM7g.s:2767   .debug_str:0000000000000647 .LASF6
     /tmp/ccvrhM7g.s:2693   .debug_str:000000000000044f .LASF7
     /tmp/ccvrhM7g.s:2649   .debug_str:00000000000002d1 .LASF8
     /tmp/ccvrhM7g.s:2655   .debug_str:0000000000000306 .LASF9
     /tmp/ccvrhM7g.s:2597   .debug_str:0000000000000152 .LASF10
     /tmp/ccvrhM7g.s:2633   .debug_str:000000000000026b .LASF11
     /tmp/ccvrhM7g.s:2607   .debug_str:0000000000000196 .LASF12
     /tmp/ccvrhM7g.s:2595   .debug_str:0000000000000142 .LASF13
     /tmp/ccvrhM7g.s:2849   .debug_str:0000000000000884 .LASF14
     /tmp/ccvrhM7g.s:2627   .debug_str:0000000000000222 .LASF15
     /tmp/ccvrhM7g.s:2837   .debug_str:000000000000082c .LASF16
     /tmp/ccvrhM7g.s:2887   .debug_str:0000000000000a35 .LASF20
     /tmp/ccvrhM7g.s:2701   .debug_str:0000000000000482 .LASF17
     /tmp/ccvrhM7g.s:2575   .debug_str:00000000000000b7 .LASF18
     /tmp/ccvrhM7g.s:2599   .debug_str:0000000000000161 .LASF19
     /tmp/ccvrhM7g.s:2707   .debug_str:00000000000004a2 .LASF21
     /tmp/ccvrhM7g.s:2573   .debug_str:00000000000000a9 .LASF22
     /tmp/ccvrhM7g.s:2869   .debug_str:00000000000009c6 .LASF23
     /tmp/ccvrhM7g.s:2781   .debug_str:00000000000006ad .LASF24
     /tmp/ccvrhM7g.s:2581   .debug_str:00000000000000ea .LASF123
     /tmp/ccvrhM7g.s:2715   .debug_str:00000000000004e0 .LASF125
     /tmp/ccvrhM7g.s:2793   .debug_str:0000000000000709 .LASF25
     /tmp/ccvrhM7g.s:2681   .debug_str:00000000000003b8 .LASF27
     /tmp/ccvrhM7g.s:2705   .debug_str:000000000000049a .LASF26
     /tmp/ccvrhM7g.s:2711   .debug_str:00000000000004c5 .LASF28
     /tmp/ccvrhM7g.s:2677   .debug_str:000000000000039c .LASF29
     /tmp/ccvrhM7g.s:2735   .debug_str:0000000000000562 .LASF30
     /tmp/ccvrhM7g.s:2827   .debug_str:00000000000007ed .LASF113
     /tmp/ccvrhM7g.s:2651   .debug_str:00000000000002e1 .LASF31
     /tmp/ccvrhM7g.s:2771   .debug_str:000000000000066f .LASF32
     /tmp/ccvrhM7g.s:2773   .debug_str:0000000000000678 .LASF33
     /tmp/ccvrhM7g.s:2825   .debug_str:00000000000007e0 .LASF34
     /tmp/ccvrhM7g.s:2895   .debug_str:0000000000000a73 .LASF35
     /tmp/ccvrhM7g.s:2885   .debug_str:0000000000000a30 .LASF184
GAS LISTING /tmp/ccvrhM7g.s 			page 10


     /tmp/ccvrhM7g.s:2843   .debug_str:000000000000086b .LASF36
     /tmp/ccvrhM7g.s:2743   .debug_str:00000000000005ab .LASF37
     /tmp/ccvrhM7g.s:2737   .debug_str:0000000000000587 .LASF38
     /tmp/ccvrhM7g.s:2839   .debug_str:0000000000000842 .LASF39
     /tmp/ccvrhM7g.s:2631   .debug_str:0000000000000254 .LASF41
     /tmp/ccvrhM7g.s:2807   .debug_str:0000000000000770 .LASF185
     /tmp/ccvrhM7g.s:2795   .debug_str:0000000000000712 .LASF186
     /tmp/ccvrhM7g.s:2821   .debug_str:00000000000007c2 .LASF40
     /tmp/ccvrhM7g.s:2783   .debug_str:00000000000006bb .LASF42
     /tmp/ccvrhM7g.s:2609   .debug_str:00000000000001a6 .LASF43
     /tmp/ccvrhM7g.s:2689   .debug_str:0000000000000419 .LASF44
     /tmp/ccvrhM7g.s:2697   .debug_str:000000000000046d .LASF45
     /tmp/ccvrhM7g.s:2593   .debug_str:0000000000000125 .LASF46
     /tmp/ccvrhM7g.s:2719   .debug_str:0000000000000501 .LASF47
     /tmp/ccvrhM7g.s:2629   .debug_str:0000000000000238 .LASF48
     /tmp/ccvrhM7g.s:2763   .debug_str:000000000000062f .LASF49
     /tmp/ccvrhM7g.s:2897   .debug_str:0000000000000a7d .LASF50
     /tmp/ccvrhM7g.s:2931   .debug_str:0000000000000bc5 .LASF51
     /tmp/ccvrhM7g.s:2921   .debug_str:0000000000000b62 .LASF52
     /tmp/ccvrhM7g.s:2671   .debug_str:0000000000000377 .LASF53
     /tmp/ccvrhM7g.s:2691   .debug_str:0000000000000432 .LASF54
     /tmp/ccvrhM7g.s:2789   .debug_str:00000000000006fb .LASF55
     /tmp/ccvrhM7g.s:2559   .debug_str:000000000000001e .LASF56
     /tmp/ccvrhM7g.s:2853   .debug_str:0000000000000899 .LASF57
     /tmp/ccvrhM7g.s:2859   .debug_str:00000000000008c4 .LASF58
     /tmp/ccvrhM7g.s:2755   .debug_str:00000000000005de .LASF59
     /tmp/ccvrhM7g.s:2753   .debug_str:00000000000005d6 .LASF60
     /tmp/ccvrhM7g.s:2873   .debug_str:00000000000009e3 .LASF61
     /tmp/ccvrhM7g.s:2925   .debug_str:0000000000000b95 .LASF62
     /tmp/ccvrhM7g.s:2765   .debug_str:000000000000063b .LASF63
     /tmp/ccvrhM7g.s:2731   .debug_str:000000000000053c .LASF64
     /tmp/ccvrhM7g.s:2645   .debug_str:00000000000002bf .LASF65
     /tmp/ccvrhM7g.s:2555   .debug_str:0000000000000005 .LASF66
     /tmp/ccvrhM7g.s:2725   .debug_str:000000000000051e .LASF68
     /tmp/ccvrhM7g.s:2835   .debug_str:0000000000000819 .LASF67
     /tmp/ccvrhM7g.s:2805   .debug_str:0000000000000763 .LASF69
     /tmp/ccvrhM7g.s:2815   .debug_str:00000000000007a3 .LASF70
     /tmp/ccvrhM7g.s:2563   .debug_str:0000000000000060 .LASF71
     /tmp/ccvrhM7g.s:2855   .debug_str:00000000000008a1 .LASF72
     /tmp/ccvrhM7g.s:2739   .debug_str:000000000000058c .LASF73
     /tmp/ccvrhM7g.s:2587   .debug_str:0000000000000100 .LASF74
     /tmp/ccvrhM7g.s:2877   .debug_str:0000000000000a00 .LASF75
     /tmp/ccvrhM7g.s:2661   .debug_str:0000000000000328 .LASF76
     /tmp/ccvrhM7g.s:2685   .debug_str:00000000000003e0 .LASF77
     /tmp/ccvrhM7g.s:2721   .debug_str:0000000000000509 .LASF78
     /tmp/ccvrhM7g.s:2761   .debug_str:000000000000060e .LASF79
     /tmp/ccvrhM7g.s:2579   .debug_str:00000000000000db .LASF80
     /tmp/ccvrhM7g.s:2927   .debug_str:0000000000000ba2 .LASF81
     /tmp/ccvrhM7g.s:2811   .debug_str:000000000000078d .LASF82
     /tmp/ccvrhM7g.s:2635   .debug_str:000000000000027a .LASF83
     /tmp/ccvrhM7g.s:2801   .debug_str:000000000000074b .LASF84
     /tmp/ccvrhM7g.s:2683   .debug_str:00000000000003cb .LASF85
     /tmp/ccvrhM7g.s:2723   .debug_str:0000000000000514 .LASF86
     /tmp/ccvrhM7g.s:2823   .debug_str:00000000000007ca .LASF87
     /tmp/ccvrhM7g.s:2917   .debug_str:0000000000000b40 .LASF88
     /tmp/ccvrhM7g.s:2915   .debug_str:0000000000000b29 .LASF89
     /tmp/ccvrhM7g.s:2903   .debug_str:0000000000000aab .LASF90
GAS LISTING /tmp/ccvrhM7g.s 			page 11


     /tmp/ccvrhM7g.s:2865   .debug_str:00000000000009a0 .LASF91
     /tmp/ccvrhM7g.s:2657   .debug_str:0000000000000314 .LASF92
     /tmp/ccvrhM7g.s:2775   .debug_str:0000000000000683 .LASF93
     /tmp/ccvrhM7g.s:2879   .debug_str:0000000000000a17 .LASF94
     /tmp/ccvrhM7g.s:2611   .debug_str:00000000000001ae .LASF95
     /tmp/ccvrhM7g.s:2871   .debug_str:00000000000009d5 .LASF96
     /tmp/ccvrhM7g.s:2797   .debug_str:0000000000000729 .LASF97
     /tmp/ccvrhM7g.s:2613   .debug_str:00000000000001bf .LASF98
     /tmp/ccvrhM7g.s:2561   .debug_str:0000000000000038 .LASF99
     /tmp/ccvrhM7g.s:2847   .debug_str:0000000000000877 .LASF100
     /tmp/ccvrhM7g.s:2905   .debug_str:0000000000000ab3 .LASF101
     /tmp/ccvrhM7g.s:2759   .debug_str:0000000000000609 .LASF187
     /tmp/ccvrhM7g.s:2831   .debug_str:0000000000000802 .LASF127
     /tmp/ccvrhM7g.s:2565   .debug_str:000000000000006c .LASF129
     /tmp/ccvrhM7g.s:2881   .debug_str:0000000000000a1c .LASF102
     /tmp/ccvrhM7g.s:2617   .debug_str:00000000000001df .LASF103
     /tmp/ccvrhM7g.s:2553   .debug_str:0000000000000000 .LASF104
     /tmp/ccvrhM7g.s:2727   .debug_str:000000000000052b .LASF105
     /tmp/ccvrhM7g.s:2851   .debug_str:0000000000000890 .LASF106
     /tmp/ccvrhM7g.s:2833   .debug_str:000000000000080d .LASF107
     /tmp/ccvrhM7g.s:2621   .debug_str:0000000000000200 .LASF108
     /tmp/ccvrhM7g.s:2557   .debug_str:0000000000000015 .LASF109
     /tmp/ccvrhM7g.s:2749   .debug_str:00000000000005c3 .LASF110
     /tmp/ccvrhM7g.s:2585   .debug_str:00000000000000f9 .LASF111
     /tmp/ccvrhM7g.s:2695   .debug_str:0000000000000462 .LASF112
     /tmp/ccvrhM7g.s:2919   .debug_str:0000000000000b4c .LASF114
     /tmp/ccvrhM7g.s:2591   .debug_str:0000000000000117 .LASF115
     /tmp/ccvrhM7g.s:2709   .debug_str:00000000000004ac .LASF117
     /tmp/ccvrhM7g.s:2619   .debug_str:00000000000001f7 .LASF116
     /tmp/ccvrhM7g.s:2605   .debug_str:0000000000000183 .LASF118
     /tmp/ccvrhM7g.s:2893   .debug_str:0000000000000a6a .LASF119
     /tmp/ccvrhM7g.s:2791   .debug_str:0000000000000704 .LASF120
     /tmp/ccvrhM7g.s:2899   .debug_str:0000000000000a9b .LASF121
     /tmp/ccvrhM7g.s:2589   .debug_str:000000000000010c .LASF122
     /tmp/ccvrhM7g.s:2659   .debug_str:000000000000031d .LASF124
     /tmp/ccvrhM7g.s:2665   .debug_str:0000000000000345 .LASF126
     /tmp/ccvrhM7g.s:2883   .debug_str:0000000000000a27 .LASF128
     /tmp/ccvrhM7g.s:2875   .debug_str:00000000000009eb .LASF130
     /tmp/ccvrhM7g.s:2799   .debug_str:0000000000000742 .LASF131
     /tmp/ccvrhM7g.s:2571   .debug_str:0000000000000094 .LASF132
     /tmp/ccvrhM7g.s:2779   .debug_str:00000000000006a6 .LASF133
     /tmp/ccvrhM7g.s:2785   .debug_str:00000000000006d4 .LASF134
     /tmp/ccvrhM7g.s:2745   .debug_str:00000000000005b0 .LASF135
     /tmp/ccvrhM7g.s:2809   .debug_str:000000000000077a .LASF136
     /tmp/ccvrhM7g.s:2909   .debug_str:0000000000000ae4 .LASF137
     /tmp/ccvrhM7g.s:2867   .debug_str:00000000000009b2 .LASF138
     /tmp/ccvrhM7g.s:2741   .debug_str:00000000000005a3 .LASF139
     /tmp/ccvrhM7g.s:2639   .debug_str:00000000000002a1 .LASF140
     /tmp/ccvrhM7g.s:2713   .debug_str:00000000000004d8 .LASF141
     /tmp/ccvrhM7g.s:2787   .debug_str:00000000000006e7 .LASF142
     /tmp/ccvrhM7g.s:2929   .debug_str:0000000000000bbd .LASF143
     /tmp/ccvrhM7g.s:2675   .debug_str:0000000000000388 .LASF144
     /tmp/ccvrhM7g.s:2845   .debug_str:0000000000000870 .LASF145
     /tmp/ccvrhM7g.s:2817   .debug_str:00000000000007a8 .LASF146
     /tmp/ccvrhM7g.s:2819   .debug_str:00000000000007bb .LASF147
     /tmp/ccvrhM7g.s:2603   .debug_str:0000000000000170 .LASF148
     /tmp/ccvrhM7g.s:2623   .debug_str:0000000000000207 .LASF149
GAS LISTING /tmp/ccvrhM7g.s 			page 12


     /tmp/ccvrhM7g.s:2663   .debug_str:0000000000000333 .LASF150
     /tmp/ccvrhM7g.s:2673   .debug_str:0000000000000382 .LASF151
     /tmp/ccvrhM7g.s:2615   .debug_str:00000000000001cd .LASF152
     /tmp/ccvrhM7g.s:2569   .debug_str:0000000000000089 .LASF153
     /tmp/ccvrhM7g.s:2857   .debug_str:00000000000008ac .LASF154
     /tmp/ccvrhM7g.s:2729   .debug_str:0000000000000531 .LASF155
     /tmp/ccvrhM7g.s:2923   .debug_str:0000000000000b7d .LASF156
     /tmp/ccvrhM7g.s:2901   .debug_str:0000000000000aa1 .LASF157
     /tmp/ccvrhM7g.s:2913   .debug_str:0000000000000b13 .LASF158
     /tmp/ccvrhM7g.s:2601   .debug_str:0000000000000166 .LASF159
     /tmp/ccvrhM7g.s:2733   .debug_str:000000000000054c .LASF160
     /tmp/ccvrhM7g.s:2907   .debug_str:0000000000000ad5 .LASF161
     /tmp/ccvrhM7g.s:2653   .debug_str:00000000000002ea .LASF162
     /tmp/ccvrhM7g.s:2769   .debug_str:000000000000065a .LASF163
     /tmp/ccvrhM7g.s:2687   .debug_str:00000000000003f7 .LASF164
     /tmp/ccvrhM7g.s:2863   .debug_str:0000000000000990 .LASF165
     /tmp/ccvrhM7g.s:2891   .debug_str:0000000000000a4d .LASF166
     /tmp/ccvrhM7g.s:2717   .debug_str:00000000000004ef .LASF167
     /tmp/ccvrhM7g.s:2577   .debug_str:00000000000000bc .LASF168
     /tmp/ccvrhM7g.s:2643   .debug_str:00000000000002ba .LASF169
     /tmp/ccvrhM7g.s:148    .text:00000000000000e0 .LFE50
     /tmp/ccvrhM7g.s:62     .text:0000000000000048 .LBB9
     /tmp/ccvrhM7g.s:74     .text:000000000000004c .LBE9
     /tmp/ccvrhM7g.s:2517   .debug_loc:0000000000000000 .LLST0
     /tmp/ccvrhM7g.s:110    .text:00000000000000ac .LBB11
     /tmp/ccvrhM7g.s:123    .text:00000000000000bc .LBE11
     /tmp/ccvrhM7g.s:2524   .debug_loc:0000000000000023 .LLST1
     /tmp/ccvrhM7g.s:120    .text:00000000000000bc .LVL8
     /tmp/ccvrhM7g.s:124    .text:00000000000000bc .LBB13
     /tmp/ccvrhM7g.s:133    .text:00000000000000c8 .LBE13
     /tmp/ccvrhM7g.s:2531   .debug_loc:0000000000000046 .LLST2
     /tmp/ccvrhM7g.s:130    .text:00000000000000c8 .LVL9
     /tmp/ccvrhM7g.s:79     .text:0000000000000054 .LVL3
     /tmp/ccvrhM7g.s:86     .text:0000000000000068 .LVL4
     /tmp/ccvrhM7g.s:96     .text:0000000000000090 .LVL5
     /tmp/ccvrhM7g.s:102    .text:00000000000000a4 .LVL6
     /tmp/ccvrhM7g.s:2777   .debug_str:0000000000000696 .LASF170
     /tmp/ccvrhM7g.s:2841   .debug_str:0000000000000855 .LASF171
     /tmp/ccvrhM7g.s:10     .text:0000000000000000 .LFB49
     /tmp/ccvrhM7g.s:36     .text:0000000000000028 .LFE49
     /tmp/ccvrhM7g.s:25     .text:0000000000000018 .LVL0
     /tmp/ccvrhM7g.s:2647   .debug_str:00000000000002cb .LASF174
     /tmp/ccvrhM7g.s:2641   .debug_str:00000000000002b5 .LASF172
     /tmp/ccvrhM7g.s:2583   .debug_str:00000000000000ef .LASF173
     /tmp/ccvrhM7g.s:2699   .debug_str:0000000000000476 .LASF188
     /tmp/ccvrhM7g.s:2751   .debug_str:00000000000005cf .LASF189
     /tmp/ccvrhM7g.s:2757   .debug_str:00000000000005e8 .LASF175
     /tmp/ccvrhM7g.s:2889   .debug_str:0000000000000a3f .LASF177
     /tmp/ccvrhM7g.s:2625   .debug_str:000000000000020d .LASF176
     /tmp/ccvrhM7g.s:2747   .debug_str:00000000000005b7 .LASF178
     /tmp/ccvrhM7g.s:2667   .debug_str:000000000000035d .LASF179
     /tmp/ccvrhM7g.s:2829   .debug_str:00000000000007f9 .LASF180
     /tmp/ccvrhM7g.s:61     .text:0000000000000048 .LVL1
     /tmp/ccvrhM7g.s:71     .text:000000000000004c .LVL2
     /tmp/ccvrhM7g.s:109    .text:00000000000000ac .LVL7
     /tmp/ccvrhM7g.s:168    .debug_info:0000000000000000 .Ldebug_info0
     /tmp/ccvrhM7g.s:151    .gcc_except_table:0000000000000000 .LLSDA50
GAS LISTING /tmp/ccvrhM7g.s 			page 13



UNDEFINED SYMBOLS
_Z8userMainv
_ZN5Riscv14supervisorTrapEv
_ZN3MEM4initEv
_ZN3TCB12createThreadEPFvPvES0_Pm
_ZN3TCB7runningE
_ZN5Riscv10mainThreadE
_Z13thread_createPP3TCBPFvPvES2_
_Z11thread_joinP3TCB
_ZdaPv
_ZN3MEM7memFreeEPv
__gxx_personality_v0
