GAS LISTING /tmp/ccWNnFnZ.s 			page 1


   1              		.file	"scheduler.cpp"
   2              		.option pic
   3              		.option norelax
   4              		.text
   5              	.Ltext0:
   6              		.align	2
   8              	_Z41__static_initialization_and_destruction_0ii:
   9              	.LFB21:
  10              		.file 1 "src/scheduler.cpp"
   1:src/scheduler.cpp **** #include "../h/scheduler.h"
   2:src/scheduler.cpp **** 
   3:src/scheduler.cpp **** List<TCB> Scheduler::readyThreadQueue;
   4:src/scheduler.cpp **** int Scheduler::schSize = 0;
   5:src/scheduler.cpp **** 
   6:src/scheduler.cpp **** int Scheduler::getSchSize(){
   7:src/scheduler.cpp ****     return schSize;
   8:src/scheduler.cpp **** }
   9:src/scheduler.cpp **** 
  10:src/scheduler.cpp **** TCB *Scheduler::get()
  11:src/scheduler.cpp **** {
  12:src/scheduler.cpp ****         schSize--;
  13:src/scheduler.cpp ****         return readyThreadQueue.removeFirst();
  14:src/scheduler.cpp **** }
  15:src/scheduler.cpp **** 
  16:src/scheduler.cpp **** void Scheduler::put(TCB *ccb)
  17:src/scheduler.cpp **** {
  18:src/scheduler.cpp ****     schSize++;
  19:src/scheduler.cpp ****     readyThreadQueue.addLast(ccb);
  20:src/scheduler.cpp **** }...
  11              		.loc 1 20 1
  12              		.cfi_startproc
  13              	.LVL0:
  14 0000 130101FF 		addi	sp,sp,-16
  15              		.cfi_def_cfa_offset 16
  16 0004 23348100 		sd	s0,8(sp)
  17              		.cfi_offset 8, -8
  18 0008 13040101 		addi	s0,sp,16
  19              		.cfi_def_cfa 8, 0
  20              		.loc 1 20 1 is_stmt 0
  21 000c 93071000 		li	a5,1
  22 0010 6308F500 		beq	a0,a5,.L4
  23              	.L1:
  24 0014 03348100 		ld	s0,8(sp)
  25              		.cfi_remember_state
  26              		.cfi_restore 8
  27              		.cfi_def_cfa 2, 16
  28 0018 13010101 		addi	sp,sp,16
  29              		.cfi_def_cfa_offset 0
  30 001c 67800000 		jr	ra
  31              	.L4:
  32              		.cfi_restore_state
  33              		.loc 1 20 1 discriminator 1
  34 0020 B7070100 		li	a5,65536
  35 0024 9387F7FF 		addi	a5,a5,-1
  36 0028 E396F5FE 		bne	a1,a5,.L1
  37              	.LVL1:
  38              	.LBB8:
GAS LISTING /tmp/ccWNnFnZ.s 			page 2


  39              	.LBB9:
  40              	.LBB10:
  41              		.file 2 "src/../h/list.h"
   1:src/../h/list.h **** #ifndef LIST
   2:src/../h/list.h **** #define LIST
   3:src/../h/list.h **** 
   4:src/../h/list.h **** //lista je preuzeta sa 7ih vezbi
   5:src/../h/list.h **** //stim da je dodat i size
   6:src/../h/list.h **** 
   7:src/../h/list.h **** template<typename T>
   8:src/../h/list.h **** class List
   9:src/../h/list.h **** {
  10:src/../h/list.h **** private:
  11:src/../h/list.h ****     struct Elem
  12:src/../h/list.h ****     {
  13:src/../h/list.h ****         T *data;
  14:src/../h/list.h ****         Elem *next;
  15:src/../h/list.h **** 
  16:src/../h/list.h ****         Elem(T *data, Elem *next) : data(data), next(next) {}
  17:src/../h/list.h ****     };
  18:src/../h/list.h **** 
  19:src/../h/list.h ****     Elem *head, *tail;
  20:src/../h/list.h ****     int size;
  21:src/../h/list.h **** 
  22:src/../h/list.h **** public:
  23:src/../h/list.h ****     List() : head(0), tail(0), size(0) {}
  42              		.loc 2 23 38
  43 002c 97070000 		lla	a5,.LANCHOR0
  43      93870700 
  44 0034 23B00700 		sd	zero,0(a5)
  45 0038 23B40700 		sd	zero,8(a5)
  46 003c 23A80700 		sw	zero,16(a5)
  47              	.LVL2:
  48              	.LBE10:
  49              	.LBE9:
  50              	.LBE8:
  51              		.loc 1 20 1
  52 0040 6FF05FFD 		j	.L1
  53              		.cfi_endproc
  54              	.LFE21:
  56              		.align	2
  57              		.globl	_ZN9Scheduler10getSchSizeEv
  59              	_ZN9Scheduler10getSchSizeEv:
  60              	.LFB10:
   6:src/scheduler.cpp **** int Scheduler::getSchSize(){
  61              		.loc 1 6 28 is_stmt 1
  62              		.cfi_startproc
  63 0044 130101FF 		addi	sp,sp,-16
  64              		.cfi_def_cfa_offset 16
  65 0048 23348100 		sd	s0,8(sp)
  66              		.cfi_offset 8, -8
  67 004c 13040101 		addi	s0,sp,16
  68              		.cfi_def_cfa 8, 0
   7:src/scheduler.cpp ****     return schSize;
  69              		.loc 1 7 5
   8:src/scheduler.cpp **** }
  70              		.loc 1 8 1 is_stmt 0
GAS LISTING /tmp/ccWNnFnZ.s 			page 3


  71 0050 17050000 		lw	a0,.LANCHOR0+24
  71      03250500 
  72 0058 03348100 		ld	s0,8(sp)
  73              		.cfi_restore 8
  74              		.cfi_def_cfa 2, 16
  75 005c 13010101 		addi	sp,sp,16
  76              		.cfi_def_cfa_offset 0
  77 0060 67800000 		jr	ra
  78              		.cfi_endproc
  79              	.LFE10:
  81              		.align	2
  82              		.globl	_ZN9Scheduler3getEv
  84              	_ZN9Scheduler3getEv:
  85              	.LFB11:
  11:src/scheduler.cpp **** {
  86              		.loc 1 11 1 is_stmt 1
  87              		.cfi_startproc
  88 0064 130101FE 		addi	sp,sp,-32
  89              		.cfi_def_cfa_offset 32
  90 0068 233C1100 		sd	ra,24(sp)
  91 006c 23388100 		sd	s0,16(sp)
  92 0070 23349100 		sd	s1,8(sp)
  93              		.cfi_offset 1, -8
  94              		.cfi_offset 8, -16
  95              		.cfi_offset 9, -24
  96 0074 13040102 		addi	s0,sp,32
  97              		.cfi_def_cfa 8, 0
  12:src/scheduler.cpp ****         schSize--;
  98              		.loc 1 12 9
  12:src/scheduler.cpp ****         schSize--;
  99              		.loc 1 12 16 is_stmt 0
 100 0078 97070000 		lla	a5,.LANCHOR0
 100      93870700 
 101 0080 03A78701 		lw	a4,24(a5)
 102 0084 1B07F7FF 		addiw	a4,a4,-1
 103 0088 23ACE700 		sw	a4,24(a5)
  13:src/scheduler.cpp ****         return readyThreadQueue.removeFirst();
 104              		.loc 1 13 9 is_stmt 1
 105              	.LVL3:
 106              	.LBB13:
 107              	.LBB14:
  24:src/../h/list.h **** 
  25:src/../h/list.h ****     List(const List<T> &) = delete;
  26:src/../h/list.h **** 
  27:src/../h/list.h ****     List<T> &operator=(const List<T> &) = delete;
  28:src/../h/list.h **** 
  29:src/../h/list.h ****     int getSize(){ return size; }
  30:src/../h/list.h ****     void setSize(int size){ this->size = size; }
  31:src/../h/list.h **** 
  32:src/../h/list.h ****     void addFirst(T *data)
  33:src/../h/list.h ****     {
  34:src/../h/list.h ****         Elem *elem = new Elem(data, head);
  35:src/../h/list.h ****         head = elem;
  36:src/../h/list.h ****         size++;
  37:src/../h/list.h ****         if (!tail) { tail = head; }
  38:src/../h/list.h ****     }
  39:src/../h/list.h **** 
GAS LISTING /tmp/ccWNnFnZ.s 			page 4


  40:src/../h/list.h ****     void addLast(T *data)
  41:src/../h/list.h ****     {
  42:src/../h/list.h ****         Elem *elem = new Elem(data, 0);
  43:src/../h/list.h ****         size++;
  44:src/../h/list.h ****         if (tail)
  45:src/../h/list.h ****         {
  46:src/../h/list.h ****             tail->next = elem;
  47:src/../h/list.h ****             tail = elem;
  48:src/../h/list.h ****         } else
  49:src/../h/list.h ****         {
  50:src/../h/list.h ****             head = tail = elem;
  51:src/../h/list.h ****         }
  52:src/../h/list.h ****     }
  53:src/../h/list.h **** 
  54:src/../h/list.h ****     T *removeFirst()
  55:src/../h/list.h ****     {
  56:src/../h/list.h ****         if (!head) { return 0; }
 108              		.loc 2 56 14 is_stmt 0
 109 008c 03B50700 		ld	a0,0(a5)
 110              		.loc 2 56 9
 111 0090 63060504 		beqz	a0,.L10
 112              	.LVL4:
  57:src/../h/list.h **** 
  58:src/../h/list.h ****         Elem *elem = head;
  59:src/../h/list.h ****         head = head->next;
 113              		.loc 2 59 22
 114 0094 83368500 		ld	a3,8(a0)
 115              		.loc 2 59 9
 116 0098 23B0D700 		sd	a3,0(a5)
  60:src/../h/list.h ****         size--;
 117              		.loc 2 60 9
 118 009c 03A70701 		lw	a4,16(a5)
 119 00a0 1B07F7FF 		addiw	a4,a4,-1
 120 00a4 23A8E700 		sw	a4,16(a5)
  61:src/../h/list.h ****         if (!head) { tail = 0; }
 121              		.loc 2 61 9
 122 00a8 63840602 		beqz	a3,.L12
 123              	.L9:
  62:src/../h/list.h **** 
  63:src/../h/list.h ****         T *ret = elem->data;
 124              		.loc 2 63 12
 125 00ac 83340500 		ld	s1,0(a0)
 126              	.LVL5:
  64:src/../h/list.h ****         delete elem;
 127              		.loc 2 64 9
 128 00b0 97000000 		call	_ZdlPv@plt
 128      E7800000 
 129              	.LVL6:
 130              	.L7:
 131              	.LBE14:
 132              	.LBE13:
  14:src/scheduler.cpp **** }
 133              		.loc 1 14 1
 134 00b8 13850400 		mv	a0,s1
 135 00bc 83308101 		ld	ra,24(sp)
 136              		.cfi_remember_state
 137              		.cfi_restore 1
GAS LISTING /tmp/ccWNnFnZ.s 			page 5


 138 00c0 03340101 		ld	s0,16(sp)
 139              		.cfi_restore 8
 140              		.cfi_def_cfa 2, 32
 141 00c4 83348100 		ld	s1,8(sp)
 142              		.cfi_restore 9
 143 00c8 13010102 		addi	sp,sp,32
 144              		.cfi_def_cfa_offset 0
 145 00cc 67800000 		jr	ra
 146              	.LVL7:
 147              	.L12:
 148              		.cfi_restore_state
 149              	.LBB16:
 150              	.LBB15:
  61:src/../h/list.h **** 
 151              		.loc 2 61 22
 152 00d0 97070000 		sd	zero,.LANCHOR0+8,a5
 152      23B00700 
 153 00d8 6FF05FFD 		j	.L9
 154              	.LVL8:
 155              	.L10:
  56:src/../h/list.h **** 
 156              		.loc 2 56 29
 157 00dc 93040500 		mv	s1,a0
 158              	.LVL9:
 159              	.LBE15:
 160              	.LBE16:
  13:src/scheduler.cpp ****         return readyThreadQueue.removeFirst();
 161              		.loc 1 13 45
 162 00e0 6FF09FFD 		j	.L7
 163              		.cfi_endproc
 164              	.LFE11:
 166              		.align	2
 167              		.globl	_ZN9Scheduler3putEP3TCB
 169              	_ZN9Scheduler3putEP3TCB:
 170              	.LFB12:
  17:src/scheduler.cpp **** {
 171              		.loc 1 17 1 is_stmt 1
 172              		.cfi_startproc
 173              	.LVL10:
 174 00e4 130101FE 		addi	sp,sp,-32
 175              		.cfi_def_cfa_offset 32
 176 00e8 233C1100 		sd	ra,24(sp)
 177 00ec 23388100 		sd	s0,16(sp)
 178 00f0 23349100 		sd	s1,8(sp)
 179 00f4 23302101 		sd	s2,0(sp)
 180              		.cfi_offset 1, -8
 181              		.cfi_offset 8, -16
 182              		.cfi_offset 9, -24
 183              		.cfi_offset 18, -32
 184 00f8 13040102 		addi	s0,sp,32
 185              		.cfi_def_cfa 8, 0
 186 00fc 13090500 		mv	s2,a0
  18:src/scheduler.cpp ****     schSize++;
 187              		.loc 1 18 5
  18:src/scheduler.cpp ****     schSize++;
 188              		.loc 1 18 12 is_stmt 0
 189 0100 97040000 		lla	s1,.LANCHOR0
GAS LISTING /tmp/ccWNnFnZ.s 			page 6


 189      93840400 
 190 0108 83A78401 		lw	a5,24(s1)
 191 010c 9B871700 		addiw	a5,a5,1
 192 0110 23ACF400 		sw	a5,24(s1)
  19:src/scheduler.cpp ****     readyThreadQueue.addLast(ccb);
 193              		.loc 1 19 5 is_stmt 1
 194              	.LVL11:
 195              	.LBB22:
 196              	.LBB23:
  42:src/../h/list.h ****         size++;
 197              		.loc 2 42 22 is_stmt 0
 198 0114 13050001 		li	a0,16
 199              	.LVL12:
 200 0118 97000000 		call	_Znwm@plt
 200      E7800000 
 201              	.LVL13:
 202              	.LBB24:
 203              	.LBB25:
  16:src/../h/list.h ****     };
 204              		.loc 2 16 58
 205 0120 23302501 		sd	s2,0(a0)
 206 0124 23340500 		sd	zero,8(a0)
 207              	.LVL14:
 208              	.LBE25:
 209              	.LBE24:
  43:src/../h/list.h ****         if (tail)
 210              		.loc 2 43 9
 211 0128 83A70401 		lw	a5,16(s1)
 212 012c 9B871700 		addiw	a5,a5,1
 213 0130 23A8F400 		sw	a5,16(s1)
  44:src/../h/list.h ****         {
 214              		.loc 2 44 13
 215 0134 83B78400 		ld	a5,8(s1)
  44:src/../h/list.h ****         {
 216              		.loc 2 44 9
 217 0138 63840702 		beqz	a5,.L14
  46:src/../h/list.h ****             tail = elem;
 218              		.loc 2 46 13
 219 013c 23B4A700 		sd	a0,8(a5)
  47:src/../h/list.h ****         } else
 220              		.loc 2 47 13
 221 0140 97070000 		sd	a0,.LANCHOR0+8,a5
 221      23B0A700 
 222              	.LVL15:
 223              	.L13:
 224              	.LBE23:
 225              	.LBE22:
 226              		.loc 1 20 1
 227 0148 83308101 		ld	ra,24(sp)
 228              		.cfi_remember_state
 229              		.cfi_restore 1
 230 014c 03340101 		ld	s0,16(sp)
 231              		.cfi_restore 8
 232              		.cfi_def_cfa 2, 32
 233 0150 83348100 		ld	s1,8(sp)
 234              		.cfi_restore 9
 235 0154 03390100 		ld	s2,0(sp)
GAS LISTING /tmp/ccWNnFnZ.s 			page 7


 236              		.cfi_restore 18
 237              	.LVL16:
 238 0158 13010102 		addi	sp,sp,32
 239              		.cfi_def_cfa_offset 0
 240 015c 67800000 		jr	ra
 241              	.LVL17:
 242              	.L14:
 243              		.cfi_restore_state
 244              	.LBB27:
 245              	.LBB26:
  50:src/../h/list.h ****         }
 246              		.loc 2 50 13
 247 0160 97070000 		lla	a5,.LANCHOR0
 247      93870700 
 248 0168 23B4A700 		sd	a0,8(a5)
 249 016c 23B0A700 		sd	a0,0(a5)
 250              	.LVL18:
 251              	.LBE26:
 252              	.LBE27:
 253              		.loc 1 20 1
 254 0170 6FF09FFD 		j	.L13
 255              		.cfi_endproc
 256              	.LFE12:
 258              		.align	2
 260              	_GLOBAL__sub_I__ZN9Scheduler16readyThreadQueueE:
 261              	.LFB22:
 262              		.loc 1 20 1 is_stmt 1
 263              		.cfi_startproc
 264 0174 130101FF 		addi	sp,sp,-16
 265              		.cfi_def_cfa_offset 16
 266 0178 23341100 		sd	ra,8(sp)
 267 017c 23308100 		sd	s0,0(sp)
 268              		.cfi_offset 1, -8
 269              		.cfi_offset 8, -16
 270 0180 13040101 		addi	s0,sp,16
 271              		.cfi_def_cfa 8, 0
 272              		.loc 1 20 1 is_stmt 0
 273 0184 B7050100 		li	a1,65536
 274 0188 9385F5FF 		addi	a1,a1,-1
 275 018c 13051000 		li	a0,1
 276 0190 97000000 		call	_Z41__static_initialization_and_destruction_0ii
 276      E7800000 
 277              	.LVL19:
 278 0198 83308100 		ld	ra,8(sp)
 279              		.cfi_restore 1
 280 019c 03340100 		ld	s0,0(sp)
 281              		.cfi_restore 8
 282              		.cfi_def_cfa 2, 16
 283 01a0 13010101 		addi	sp,sp,16
 284              		.cfi_def_cfa_offset 0
 285 01a4 67800000 		jr	ra
 286              		.cfi_endproc
 287              	.LFE22:
 289              		.section	.init_array,"aw"
 290              		.align	3
 291 0000 00000000 		.dword	_GLOBAL__sub_I__ZN9Scheduler16readyThreadQueueE
 291      00000000 
GAS LISTING /tmp/ccWNnFnZ.s 			page 8


 292              		.globl	_ZN9Scheduler7schSizeE
 293              		.globl	_ZN9Scheduler16readyThreadQueueE
 294              		.bss
 295              		.align	3
 296              		.set	.LANCHOR0,. + 0
 299              	_ZN9Scheduler16readyThreadQueueE:
 300 0000 00000000 		.zero	24
 300      00000000 
 300      00000000 
 300      00000000 
 300      00000000 
 303              	_ZN9Scheduler7schSizeE:
 304 0018 00000000 		.zero	4
 305              		.text
 306              	.Letext0:
 307              		.file 3 "src/../h/scheduler.h"
GAS LISTING /tmp/ccWNnFnZ.s 			page 9


DEFINED SYMBOLS
                            *ABS*:0000000000000000 scheduler.cpp
     /tmp/ccWNnFnZ.s:8      .text:0000000000000000 _Z41__static_initialization_and_destruction_0ii
     /tmp/ccWNnFnZ.s:12     .text:0000000000000000 .L0 
     /tmp/ccWNnFnZ.s:14     .text:0000000000000000 .L0 
     /tmp/ccWNnFnZ.s:15     .text:0000000000000004 .L0 
     /tmp/ccWNnFnZ.s:17     .text:0000000000000008 .L0 
     /tmp/ccWNnFnZ.s:19     .text:000000000000000c .L0 
     /tmp/ccWNnFnZ.s:21     .text:000000000000000c .L0 
     /tmp/ccWNnFnZ.s:25     .text:0000000000000018 .L0 
     /tmp/ccWNnFnZ.s:26     .text:0000000000000018 .L0 
     /tmp/ccWNnFnZ.s:27     .text:0000000000000018 .L0 
     /tmp/ccWNnFnZ.s:29     .text:000000000000001c .L0 
     /tmp/ccWNnFnZ.s:32     .text:0000000000000020 .L0 
     /tmp/ccWNnFnZ.s:34     .text:0000000000000020 .L0 
     /tmp/ccWNnFnZ.s:43     .text:000000000000002c .L0 
     /tmp/ccWNnFnZ.s:52     .text:0000000000000040 .L0 
     /tmp/ccWNnFnZ.s:53     .text:0000000000000044 .L0 
     /tmp/ccWNnFnZ.s:59     .text:0000000000000044 _ZN9Scheduler10getSchSizeEv
     /tmp/ccWNnFnZ.s:62     .text:0000000000000044 .L0 
     /tmp/ccWNnFnZ.s:63     .text:0000000000000044 .L0 
     /tmp/ccWNnFnZ.s:64     .text:0000000000000048 .L0 
     /tmp/ccWNnFnZ.s:66     .text:000000000000004c .L0 
     /tmp/ccWNnFnZ.s:68     .text:0000000000000050 .L0 
     /tmp/ccWNnFnZ.s:70     .text:0000000000000050 .L0 
     /tmp/ccWNnFnZ.s:71     .text:0000000000000050 .L0 
     /tmp/ccWNnFnZ.s:73     .text:000000000000005c .L0 
     /tmp/ccWNnFnZ.s:74     .text:000000000000005c .L0 
     /tmp/ccWNnFnZ.s:76     .text:0000000000000060 .L0 
     /tmp/ccWNnFnZ.s:78     .text:0000000000000064 .L0 
     /tmp/ccWNnFnZ.s:84     .text:0000000000000064 _ZN9Scheduler3getEv
     /tmp/ccWNnFnZ.s:87     .text:0000000000000064 .L0 
     /tmp/ccWNnFnZ.s:88     .text:0000000000000064 .L0 
     /tmp/ccWNnFnZ.s:89     .text:0000000000000068 .L0 
     /tmp/ccWNnFnZ.s:93     .text:0000000000000074 .L0 
     /tmp/ccWNnFnZ.s:94     .text:0000000000000074 .L0 
     /tmp/ccWNnFnZ.s:95     .text:0000000000000074 .L0 
     /tmp/ccWNnFnZ.s:97     .text:0000000000000078 .L0 
     /tmp/ccWNnFnZ.s:99     .text:0000000000000078 .L0 
     /tmp/ccWNnFnZ.s:100    .text:0000000000000078 .L0 
     /tmp/ccWNnFnZ.s:108    .text:000000000000008c .L0 
     /tmp/ccWNnFnZ.s:109    .text:000000000000008c .L0 
     /tmp/ccWNnFnZ.s:111    .text:0000000000000090 .L0 
     /tmp/ccWNnFnZ.s:114    .text:0000000000000094 .L0 
     /tmp/ccWNnFnZ.s:116    .text:0000000000000098 .L0 
     /tmp/ccWNnFnZ.s:118    .text:000000000000009c .L0 
     /tmp/ccWNnFnZ.s:122    .text:00000000000000a8 .L0 
     /tmp/ccWNnFnZ.s:125    .text:00000000000000ac .L0 
     /tmp/ccWNnFnZ.s:128    .text:00000000000000b0 .L0 
     /tmp/ccWNnFnZ.s:134    .text:00000000000000b8 .L0 
     /tmp/ccWNnFnZ.s:136    .text:00000000000000c0 .L0 
     /tmp/ccWNnFnZ.s:137    .text:00000000000000c0 .L0 
     /tmp/ccWNnFnZ.s:139    .text:00000000000000c4 .L0 
     /tmp/ccWNnFnZ.s:140    .text:00000000000000c4 .L0 
     /tmp/ccWNnFnZ.s:142    .text:00000000000000c8 .L0 
     /tmp/ccWNnFnZ.s:144    .text:00000000000000cc .L0 
     /tmp/ccWNnFnZ.s:148    .text:00000000000000d0 .L0 
GAS LISTING /tmp/ccWNnFnZ.s 			page 10


     /tmp/ccWNnFnZ.s:152    .text:00000000000000d0 .L0 
     /tmp/ccWNnFnZ.s:157    .text:00000000000000dc .L0 
     /tmp/ccWNnFnZ.s:162    .text:00000000000000e0 .L0 
     /tmp/ccWNnFnZ.s:163    .text:00000000000000e4 .L0 
     /tmp/ccWNnFnZ.s:169    .text:00000000000000e4 _ZN9Scheduler3putEP3TCB
     /tmp/ccWNnFnZ.s:172    .text:00000000000000e4 .L0 
     /tmp/ccWNnFnZ.s:174    .text:00000000000000e4 .L0 
     /tmp/ccWNnFnZ.s:175    .text:00000000000000e8 .L0 
     /tmp/ccWNnFnZ.s:180    .text:00000000000000f8 .L0 
     /tmp/ccWNnFnZ.s:181    .text:00000000000000f8 .L0 
     /tmp/ccWNnFnZ.s:182    .text:00000000000000f8 .L0 
     /tmp/ccWNnFnZ.s:183    .text:00000000000000f8 .L0 
     /tmp/ccWNnFnZ.s:185    .text:00000000000000fc .L0 
     /tmp/ccWNnFnZ.s:188    .text:0000000000000100 .L0 
     /tmp/ccWNnFnZ.s:189    .text:0000000000000100 .L0 
     /tmp/ccWNnFnZ.s:197    .text:0000000000000114 .L0 
     /tmp/ccWNnFnZ.s:198    .text:0000000000000114 .L0 
     /tmp/ccWNnFnZ.s:205    .text:0000000000000120 .L0 
     /tmp/ccWNnFnZ.s:211    .text:0000000000000128 .L0 
     /tmp/ccWNnFnZ.s:215    .text:0000000000000134 .L0 
     /tmp/ccWNnFnZ.s:217    .text:0000000000000138 .L0 
     /tmp/ccWNnFnZ.s:219    .text:000000000000013c .L0 
     /tmp/ccWNnFnZ.s:221    .text:0000000000000140 .L0 
     /tmp/ccWNnFnZ.s:227    .text:0000000000000148 .L0 
     /tmp/ccWNnFnZ.s:228    .text:000000000000014c .L0 
     /tmp/ccWNnFnZ.s:229    .text:000000000000014c .L0 
     /tmp/ccWNnFnZ.s:231    .text:0000000000000150 .L0 
     /tmp/ccWNnFnZ.s:232    .text:0000000000000150 .L0 
     /tmp/ccWNnFnZ.s:234    .text:0000000000000154 .L0 
     /tmp/ccWNnFnZ.s:236    .text:0000000000000158 .L0 
     /tmp/ccWNnFnZ.s:239    .text:000000000000015c .L0 
     /tmp/ccWNnFnZ.s:243    .text:0000000000000160 .L0 
     /tmp/ccWNnFnZ.s:247    .text:0000000000000160 .L0 
     /tmp/ccWNnFnZ.s:254    .text:0000000000000170 .L0 
     /tmp/ccWNnFnZ.s:255    .text:0000000000000174 .L0 
     /tmp/ccWNnFnZ.s:260    .text:0000000000000174 _GLOBAL__sub_I__ZN9Scheduler16readyThreadQueueE
     /tmp/ccWNnFnZ.s:263    .text:0000000000000174 .L0 
     /tmp/ccWNnFnZ.s:264    .text:0000000000000174 .L0 
     /tmp/ccWNnFnZ.s:265    .text:0000000000000178 .L0 
     /tmp/ccWNnFnZ.s:268    .text:0000000000000180 .L0 
     /tmp/ccWNnFnZ.s:269    .text:0000000000000180 .L0 
     /tmp/ccWNnFnZ.s:271    .text:0000000000000184 .L0 
     /tmp/ccWNnFnZ.s:273    .text:0000000000000184 .L0 
     /tmp/ccWNnFnZ.s:279    .text:000000000000019c .L0 
     /tmp/ccWNnFnZ.s:281    .text:00000000000001a0 .L0 
     /tmp/ccWNnFnZ.s:282    .text:00000000000001a0 .L0 
     /tmp/ccWNnFnZ.s:284    .text:00000000000001a4 .L0 
     /tmp/ccWNnFnZ.s:286    .text:00000000000001a8 .L0 
     /tmp/ccWNnFnZ.s:303    .bss:0000000000000018 _ZN9Scheduler7schSizeE
     /tmp/ccWNnFnZ.s:299    .bss:0000000000000000 _ZN9Scheduler16readyThreadQueueE
     /tmp/ccWNnFnZ.s:296    .bss:0000000000000000 .LANCHOR0
     /tmp/ccWNnFnZ.s:308    .text:00000000000001a8 .L0 
     /tmp/ccWNnFnZ.s:43     .text:000000000000002c .L0 
     /tmp/ccWNnFnZ.s:71     .text:0000000000000050 .L0 
     /tmp/ccWNnFnZ.s:100    .text:0000000000000078 .L0 
     /tmp/ccWNnFnZ.s:152    .text:00000000000000d0 .L0 
     /tmp/ccWNnFnZ.s:189    .text:0000000000000100 .L0 
GAS LISTING /tmp/ccWNnFnZ.s 			page 11


     /tmp/ccWNnFnZ.s:221    .text:0000000000000140 .L0 
     /tmp/ccWNnFnZ.s:247    .text:0000000000000160 .L0 
     /tmp/ccWNnFnZ.s:31     .text:0000000000000020 .L4
     /tmp/ccWNnFnZ.s:23     .text:0000000000000014 .L1
     /tmp/ccWNnFnZ.s:155    .text:00000000000000dc .L10
     /tmp/ccWNnFnZ.s:147    .text:00000000000000d0 .L12
     /tmp/ccWNnFnZ.s:123    .text:00000000000000ac .L9
     /tmp/ccWNnFnZ.s:130    .text:00000000000000b8 .L7
     /tmp/ccWNnFnZ.s:242    .text:0000000000000160 .L14
     /tmp/ccWNnFnZ.s:223    .text:0000000000000148 .L13
     /tmp/ccWNnFnZ.s:897    .debug_abbrev:0000000000000000 .Ldebug_abbrev0
     /tmp/ccWNnFnZ.s:1783   .debug_str:00000000000001a9 .LASF43
     /tmp/ccWNnFnZ.s:1773   .debug_str:0000000000000150 .LASF44
     /tmp/ccWNnFnZ.s:1807   .debug_str:00000000000002d8 .LASF45
     /tmp/ccWNnFnZ.s:5      .text:0000000000000000 .Ltext0
     /tmp/ccWNnFnZ.s:306    .text:00000000000001a8 .Letext0
     /tmp/ccWNnFnZ.s:1731   .debug_line:0000000000000000 .Ldebug_line0
     /tmp/ccWNnFnZ.s:1757   .debug_str:00000000000000d6 .LASF3
     /tmp/ccWNnFnZ.s:1799   .debug_str:00000000000002b1 .LASF0
     /tmp/ccWNnFnZ.s:1749   .debug_str:0000000000000093 .LASF1
     /tmp/ccWNnFnZ.s:1739   .debug_str:0000000000000028 .LASF46
     /tmp/ccWNnFnZ.s:1737   .debug_str:0000000000000010 .LASF47
     /tmp/ccWNnFnZ.s:1777   .debug_str:000000000000016a .LASF2
     /tmp/ccWNnFnZ.s:1759   .debug_str:00000000000000e0 .LASF48
     /tmp/ccWNnFnZ.s:1823   .debug_str:000000000000038f .LASF4
     /tmp/ccWNnFnZ.s:1805   .debug_str:00000000000002d3 .LASF49
     /tmp/ccWNnFnZ.s:1763   .debug_str:000000000000011a .LASF5
     /tmp/ccWNnFnZ.s:1735   .debug_str:000000000000000b .LASF6
     /tmp/ccWNnFnZ.s:1825   .debug_str:0000000000000399 .LASF50
     /tmp/ccWNnFnZ.s:1787   .debug_str:0000000000000272 .LASF7
     /tmp/ccWNnFnZ.s:1821   .debug_str:000000000000038a .LASF8
     /tmp/ccWNnFnZ.s:1767   .debug_str:0000000000000129 .LASF9
     /tmp/ccWNnFnZ.s:1791   .debug_str:0000000000000280 .LASF10
     /tmp/ccWNnFnZ.s:1745   .debug_str:0000000000000074 .LASF15
     /tmp/ccWNnFnZ.s:1755   .debug_str:00000000000000bf .LASF12
     /tmp/ccWNnFnZ.s:1829   .debug_str:00000000000003d4 .LASF51
     /tmp/ccWNnFnZ.s:1809   .debug_str:00000000000002ff .LASF52
     /tmp/ccWNnFnZ.s:1803   .debug_str:00000000000002cb .LASF11
     /tmp/ccWNnFnZ.s:1753   .debug_str:00000000000000a6 .LASF13
     /tmp/ccWNnFnZ.s:1775   .debug_str:0000000000000162 .LASF14
     /tmp/ccWNnFnZ.s:1815   .debug_str:0000000000000337 .LASF16
     /tmp/ccWNnFnZ.s:1789   .debug_str:0000000000000277 .LASF17
     /tmp/ccWNnFnZ.s:1837   .debug_str:0000000000000425 .LASF18
     /tmp/ccWNnFnZ.s:1741   .debug_str:000000000000003c .LASF19
     /tmp/ccWNnFnZ.s:1827   .debug_str:00000000000003b8 .LASF20
     /tmp/ccWNnFnZ.s:1747   .debug_str:0000000000000087 .LASF21
     /tmp/ccWNnFnZ.s:1761   .debug_str:00000000000000fc .LASF22
     /tmp/ccWNnFnZ.s:1765   .debug_str:000000000000011f .LASF23
     /tmp/ccWNnFnZ.s:1819   .debug_str:000000000000036f .LASF24
     /tmp/ccWNnFnZ.s:1751   .debug_str:000000000000009b .LASF25
     /tmp/ccWNnFnZ.s:1771   .debug_str:0000000000000133 .LASF26
     /tmp/ccWNnFnZ.s:1801   .debug_str:00000000000002c2 .LASF27
     /tmp/ccWNnFnZ.s:1811   .debug_str:0000000000000316 .LASF28
     /tmp/ccWNnFnZ.s:1781   .debug_str:0000000000000188 .LASF29
     /tmp/ccWNnFnZ.s:1835   .debug_str:000000000000040e .LASF30
     /tmp/ccWNnFnZ.s:1743   .debug_str:0000000000000044 .LASF31
     /tmp/ccWNnFnZ.s:261    .text:0000000000000174 .LFB22
GAS LISTING /tmp/ccWNnFnZ.s 			page 12


     /tmp/ccWNnFnZ.s:287    .text:00000000000001a8 .LFE22
     /tmp/ccWNnFnZ.s:277    .text:0000000000000198 .LVL19
     /tmp/ccWNnFnZ.s:1833   .debug_str:00000000000003e4 .LASF32
     /tmp/ccWNnFnZ.s:9      .text:0000000000000000 .LFB21
     /tmp/ccWNnFnZ.s:54     .text:0000000000000044 .LFE21
     /tmp/ccWNnFnZ.s:1795   .debug_str:0000000000000295 .LASF33
     /tmp/ccWNnFnZ.s:1733   .debug_str:0000000000000000 .LASF34
     /tmp/ccWNnFnZ.s:38     .text:000000000000002c .LBB8
     /tmp/ccWNnFnZ.s:50     .text:0000000000000040 .LBE8
     /tmp/ccWNnFnZ.s:1588   .debug_loc:0000000000000000 .LLST0
     /tmp/ccWNnFnZ.s:1769   .debug_str:000000000000012e .LASF35
     /tmp/ccWNnFnZ.s:1817   .debug_str:0000000000000350 .LASF37
     /tmp/ccWNnFnZ.s:1785   .debug_str:000000000000026d .LASF36
     /tmp/ccWNnFnZ.s:1779   .debug_str:0000000000000175 .LASF38
     /tmp/ccWNnFnZ.s:170    .text:00000000000000e4 .LFB12
     /tmp/ccWNnFnZ.s:256    .text:0000000000000174 .LFE12
     /tmp/ccWNnFnZ.s:1597   .debug_loc:000000000000002c .LLST4
     /tmp/ccWNnFnZ.s:195    .text:0000000000000114 .LBB22
     /tmp/ccWNnFnZ.s:1717   .debug_ranges:0000000000000000 .Ldebug_ranges0
     /tmp/ccWNnFnZ.s:1619   .debug_loc:000000000000008b .LLST5
     /tmp/ccWNnFnZ.s:1634   .debug_loc:00000000000000d4 .LLST6
     /tmp/ccWNnFnZ.s:202    .text:0000000000000120 .LBB24
     /tmp/ccWNnFnZ.s:209    .text:0000000000000128 .LBE24
     /tmp/ccWNnFnZ.s:1649   .debug_loc:000000000000011c .LLST7
     /tmp/ccWNnFnZ.s:1657   .debug_loc:0000000000000140 .LLST8
     /tmp/ccWNnFnZ.s:1664   .debug_loc:0000000000000163 .LLST9
     /tmp/ccWNnFnZ.s:201    .text:0000000000000120 .LVL13
     /tmp/ccWNnFnZ.s:85     .text:0000000000000064 .LFB11
     /tmp/ccWNnFnZ.s:164    .text:00000000000000e4 .LFE11
     /tmp/ccWNnFnZ.s:106    .text:000000000000008c .LBB13
     /tmp/ccWNnFnZ.s:1671   .debug_loc:0000000000000186 .LLST1
     /tmp/ccWNnFnZ.s:1686   .debug_loc:00000000000001ce .LLST2
     /tmp/ccWNnFnZ.s:1697   .debug_loc:0000000000000204 .LLST3
     /tmp/ccWNnFnZ.s:129    .text:00000000000000b8 .LVL6
     /tmp/ccWNnFnZ.s:60     .text:0000000000000044 .LFB10
     /tmp/ccWNnFnZ.s:79     .text:0000000000000064 .LFE10
     /tmp/ccWNnFnZ.s:1831   .debug_str:00000000000003de .LASF39
     /tmp/ccWNnFnZ.s:1797   .debug_str:00000000000002a4 .LASF41
     /tmp/ccWNnFnZ.s:1813   .debug_str:0000000000000330 .LASF40
     /tmp/ccWNnFnZ.s:1793   .debug_str:0000000000000285 .LASF42
     /tmp/ccWNnFnZ.s:37     .text:000000000000002c .LVL1
     /tmp/ccWNnFnZ.s:47     .text:0000000000000040 .LVL2
     /tmp/ccWNnFnZ.s:173    .text:00000000000000e4 .LVL10
     /tmp/ccWNnFnZ.s:199    .text:0000000000000118 .LVL12
     /tmp/ccWNnFnZ.s:237    .text:0000000000000158 .LVL16
     /tmp/ccWNnFnZ.s:241    .text:0000000000000160 .LVL17
     /tmp/ccWNnFnZ.s:194    .text:0000000000000114 .LVL11
     /tmp/ccWNnFnZ.s:222    .text:0000000000000148 .LVL15
     /tmp/ccWNnFnZ.s:250    .text:0000000000000170 .LVL18
     /tmp/ccWNnFnZ.s:207    .text:0000000000000128 .LVL14
     /tmp/ccWNnFnZ.s:105    .text:000000000000008c .LVL3
     /tmp/ccWNnFnZ.s:146    .text:00000000000000d0 .LVL7
     /tmp/ccWNnFnZ.s:158    .text:00000000000000e0 .LVL9
     /tmp/ccWNnFnZ.s:112    .text:0000000000000094 .LVL4
     /tmp/ccWNnFnZ.s:154    .text:00000000000000dc .LVL8
     /tmp/ccWNnFnZ.s:126    .text:00000000000000b0 .LVL5
     /tmp/ccWNnFnZ.s:309    .debug_info:0000000000000000 .Ldebug_info0
GAS LISTING /tmp/ccWNnFnZ.s 			page 13


     /tmp/ccWNnFnZ.s:132    .text:00000000000000b8 .LBE13
     /tmp/ccWNnFnZ.s:149    .text:00000000000000d0 .LBB16
     /tmp/ccWNnFnZ.s:160    .text:00000000000000e0 .LBE16
     /tmp/ccWNnFnZ.s:225    .text:0000000000000148 .LBE22
     /tmp/ccWNnFnZ.s:244    .text:0000000000000160 .LBB27
     /tmp/ccWNnFnZ.s:252    .text:0000000000000170 .LBE27

UNDEFINED SYMBOLS
_ZdlPv
_Znwm
